Account created with initial balance: 0.0
Deposited: 100.0, New Balance: 100.0
Deposited: 200.0, New Balance: 300.0
Withdrew: 150.0, New Balance: 150.0
Account created with initial balance: 500.0
Account created with initial balance: 500.0
Account created with initial balance: 500.0
Account created with initial balance: 500.0
Account created with initial balance: 500.0
Account created with initial balance: 500.0
Account created with initial balance: 500.0
Account created with initial balance: 500.0
Account created with initial balance: 500.0
Account created with initial balance: 500.0
Account created with initial balance: 500.0
Account created with initial balance: 500.0
Account created with initial balance: 500.0
Account created with initial balance: 500.0
Account created with initial balance: 500.0
Account created with initial balance: 500.0
Account created with initial balance: 500.0
Account created with initial balance: 500.0
Account created with initial balance: 500.0
Account created with initial balance: 500.0
Account created with initial balance: 500.0
Account created with initial balance: 500.0
Account created with initial balance: 500.0
Account created with initial balance: 500.0
Account created with initial balance: 500.0
Account created with initial balance: 500.0
Deposited: 100.0, New Balance: 600.0
Withdrew: 50.0, New Balance: 550.0
Account created with initial balance: 0.0
Account created with initial balance: 0.0
Account created with initial balance: 0.0
Deposited: 100.0, New Balance: 100.0
Account created with initial balance: 0.0
Deposited: 100.0, New Balance: 100.0
Account created with initial balance: 0.0
Account created with initial balance: 0.0
Account created with initial balance: 500.0
Account created with initial balance: 500.0
Account created with initial balance: 500.0
Account created with initial balance: 500.0
Account created with initial balance: 0.0
Account created with initial balance: 0.0
Account created with initial balance: 0.0
Deposited: 100.0, New Balance: 100.0
Account created with initial balance: 0.0
Account created with initial balance: 0.0
Account created with initial balance: 0.0
Account created with initial balance: 0.0
Account created with initial balance: 0.0
Deposited: 100.0, New Balance: 100.0
Deposited: 500.0, New Balance: 600.0
Withdrew: 300.0, New Balance: 300.0
Account created with initial balance: 500.0
Account created with initial balance: 500.0
Account created with initial balance: 500.0
Account created with initial balance: 500.0
Account created with initial balance: 500.0
Account created with initial balance: 500.0
Deposited: 100.0, New Balance: 600.0
Withdrew: 50.0, New Balance: 550.0
Account created with initial balance: 0.0
Deposited: 100.0, New Balance: 100.0
Withdrew: 100.0, New Balance: 0.0
Account created with initial balance: 0.0
Deposited: 100.0, New Balance: 100.0
Withdrew: 100.0, New Balance: 0.0
Account created with initial balance: 0.0
Deposited: 100.0, New Balance: 100.0
Withdrew: 100.0, New Balance: 0.0
Account created with initial balance: 0.0
Deposited: 100.0, New Balance: 100.0
Withdrew: 100.0, New Balance: 0.0
Account created with initial balance: 0.0
Deposited: 100.0, New Balance: 100.0
Withdrew: 100.0, New Balance: 0.0
Account created with initial balance: 0.0
Deposited: 100.0, New Balance: 100.0
Withdrew: 5.0, New Balance: 95.0
Account created with initial balance: 0.0
Deposited: 100.0, New Balance: 100.0
Withdrew: 100.0, New Balance: 0.0
Account created with initial balance: 0.0
Deposited: 100.0, New Balance: 100.0
Withdrew: 100.0, New Balance: 0.0
Account created with initial balance: 0.0
Deposited: 100.0, New Balance: 100.0
Withdrew: 100.0, New Balance: 0.0
Account created with initial balance: 0.0
Deposited: 100.0, New Balance: 100.0
Withdrew: 100.0, New Balance: 0.0
Account created with initial balance: 0.0
Deposited: 100.0, New Balance: 100.0
Withdrew: 100.0, New Balance: 0.0
Account created with initial balance: 0.0
Deposited: 100.0, New Balance: 100.0
Withdrew: 100.0, New Balance: 0.0
Deposited: 100.0, New Balance: 100.0
Withdrew: 100.0, New Balance: 0.0
Account created with initial balance: 500.0
Account created with initial balance: 500.0
Account created with initial balance: 500.0
Account created with initial balance: 500.0
Account created with initial balance: 500.0
Account created with initial balance: 500.0
Deposited: 100.0, New Balance: 600.0
Withdrew: 50.0, New Balance: 550.0
Account created with initial balance: 0.0
Deposited: 100.0, New Balance: 100.0
Withdrew: 100.0, New Balance: 0.0
Account created with initial balance: 500.0
Account created with initial balance: 500.0
Deposited: 100.0, New Balance: 600.0
Withdrew: 50.0, New Balance: 550.0
Account created with initial balance: 500.0
Account created with initial balance: 500.0
Account created with initial balance: 500.0
Account created with initial balance: 500.0
Account created with initial balance: 0.0
Deposited: 100.0, New Balance: 100.0
Deposited: 100.0, New Balance: 200.0
Withdrew: 100.0, New Balance: 100.0
Account created with initial balance: 0.0
Deposited: 100.0, New Balance: 100.0
Deposited: 100.0, New Balance: 200.0
Withdrew: 100.0, New Balance: 100.0
Account created with initial balance: 0.0
Deposited: 100.0, New Balance: 100.0
Withdrew: 100.0, New Balance: 0.0
Deposited to Savings Account: 100.0, New Balance: 100.0
Interest applied: 5.0
Account created with initial balance: 0.0
Deposited: 100.0, New Balance: 100.0
Withdrew: 100.0, New Balance: 0.0
Deposited to Savings Account: 100.0, New Balance: 100.0
Interest applied: 5.0
Account created with initial balance: 0.0
Account created with initial balance: 0.0
Deposited: 100.0, New Balance: 100.0
Withdrew: 100.0, New Balance: 0.0
Deposited to Savings Account: 100.0, New Balance: 100.0
Interest applied: 5.0
Account created with initial balance: 5000.0
Interest applied: 125.0
Account created with initial balance: 500.0
Account created with initial balance: 500.0
Deposited: 100.0, New Balance: 600.0
Withdrew: 50.0, New Balance: 550.0
Account created with initial balance: 500.0
Account created with initial balance: 500.0
Account created with initial balance: 500.0
Account created with initial balance: 500.0
